2020-08-27 09:55:21,312 [AUDIT] Token created by 'anonymous': tokenId='4a8cb1d4-f949-4070-8cbe-b056beb6cbcc', issuer='jfrou@01egqnfmmavh9jhqfdex9sdpmm', subject='jfrou@01egqnfmmavh9jhqfdex9sdpmm', expiry=none, refreshable=false
2020-08-27 09:55:24,170 [AUDIT] Token created by 'anonymous': tokenId='cd2d7983-28ae-4a90-a163-bde221e8dc2b', issuer='jfac@01egqnfh5wvnv30n1n33am1g5x', subject='jfac@01egqnfh5wvnv30n1n33am1g5x', expiry=1598522244165, refreshable=false
2020-08-27 09:55:24,296 [AUDIT] Token created by 'anonymous': tokenId='a91726d9-7b83-4987-b83f-49eecc000753', issuer='jfac@01egqnfh5wvnv30n1n33am1g5x', subject='jfac@01egqnfh5wvnv30n1n33am1g5x', expiry=1598522244295, refreshable=false
2020-08-27 09:55:24,518 [AUDIT] Token created by 'anonymous': tokenId='dba21557-4b64-4b0a-bd3f-2012ed5fc193', issuer='jfac@01egqnfh5wvnv30n1n33am1g5x', subject='jfac@01egqnfh5wvnv30n1n33am1g5x', expiry=1598522244513, refreshable=false
2020-08-27 09:55:24,925 [AUDIT] Token created by 'anonymous': tokenId='620ea5b9-7bad-4ac9-8d9c-958d864cf498', issuer='jfac@01egqnfh5wvnv30n1n33am1g5x', subject='jfac@01egqnfh5wvnv30n1n33am1g5x', expiry=1598522244924, refreshable=false
2020-08-27 09:55:25,622 [AUDIT] Token created by 'anonymous': tokenId='7fedf39f-ad59-4a94-8f42-1ca49ca76476', issuer='jfmd@01egqnfnbcnw7kzmxycx813qb6', subject='jfmd@01egqnfnbcnw7kzmxycx813qb6', expiry=none, refreshable=false
2020-08-27 09:55:25,673 [AUDIT] Token created by 'anonymous': tokenId='fe853cbe-f47a-40e6-8176-3a57cd515515', issuer='jfrt@01egqnftzj6k361sybwh4017ts', subject='jfrt@01egqnftzj6k361sybwh4017ts', expiry=none, refreshable=false
2020-08-27 09:55:25,737 [AUDIT] Token created by 'anonymous': tokenId='a0d10a8f-15a1-4893-be0e-c1ac7eebb1e9', issuer='jfac@01egqnfh5wvnv30n1n33am1g5x', subject='jfac@01egqnfh5wvnv30n1n33am1g5x', expiry=1598522245732, refreshable=false
2020-08-27 09:55:31,151 [AUDIT] Token created by 'anonymous': tokenId='29008b54-d62e-4b6d-a09c-d1a54df324c5', issuer='jffe@000', subject='jffe@000', expiry=none, refreshable=false
2020-08-27 09:55:31,192 [AUDIT] Token created by 'jffe@000': tokenId='ddc1fdc4-1f4f-4161-8524-19b5e11e5e48', issuer='jffe@000', subject='jffe@000', expiry=1598522731192, refreshable=false
2020-08-27 09:56:16,100 [AUDIT] Token created by 'jffe@000': tokenId='f2dfe11f-1507-46f2-ba05-111541fe1ff9', issuer='jffe@000', subject='jffe@000/users/anonymous', expiry=1598522776100, refreshable=false
2020-08-27 09:56:16,113 [AUDIT] Token created by 'jffe@000': tokenId='49fe8cb1-b566-4c87-8d21-deae10ca4de8', issuer='jffe@000', subject='jffe@000/users/anonymous', expiry=1598522776113, refreshable=false
2020-08-27 09:56:16,144 [AUDIT] Token created by 'jffe@000': tokenId='91918224-b226-4232-9178-36379c6ef20d', issuer='jffe@000', subject='jffe@000/users/anonymous', expiry=1598522776144, refreshable=false
2020-08-27 09:56:16,158 [AUDIT] Token created by 'jffe@000': tokenId='f6462434-6602-4909-a8d1-6e45f49d1643', issuer='jffe@000', subject='jffe@000/users/anonymous', expiry=1598522776158, refreshable=false
2020-08-27 09:56:27,565 [AUDIT] Token created by 'jffe@000': tokenId='a3920b73-b973-4093-888d-6befebd12ddc', issuer='jffe@000', subject='admin', expiry=1598523987564, refreshable=true
2020-08-27 09:56:27,704 [AUDIT] Token created by 'jffe@000': tokenId='af029081-2e9a-4cb1-955c-0cfac51f2332', issuer='jffe@000', subject='jffe@000/users/admin', expiry=1598522787704, refreshable=false
2020-08-27 09:56:27,705 [AUDIT] Token created by 'jffe@000': tokenId='0363df83-dd2f-41e2-995d-623416d077aa', issuer='jffe@000', subject='jffe@000/users/admin', expiry=1598522787705, refreshable=false
2020-08-27 09:56:27,710 [AUDIT] Token created by 'jffe@000': tokenId='fe4db86b-dbf9-4e4d-855d-c37cb91a4549', issuer='jffe@000', subject='jffe@000/users/admin', expiry=1598522787710, refreshable=false
2020-08-27 09:56:28,143 [AUDIT] Token created by 'jffe@000': tokenId='9e4be9cc-c730-438f-ba30-577a1b42caa5', issuer='jffe@000', subject='jffe@000/users/admin', expiry=1598522788143, refreshable=false
2020-08-27 09:57:27,087 [AUDIT] Token created by 'jfrt@01egqnftzj6k361sybwh4017ts': tokenId='cbcbb495-05e3-4d66-95ac-2bbc1f1c7ecf', issuer='jfrt@01egqnftzj6k361sybwh4017ts', subject='jfrt@01egqnftzj6k361sybwh4017ts', expiry=2544602247086, refreshable=false
2021-05-24 15:35:34,335 [AUDIT] Token created by 'anonymous': tokenId='431a771e-ddbc-4c1a-8d10-ef6de8b36e8d', issuer='jfrou@01egqnfmmavh9jhqfdex9sdpmm', subject='jfrou@01egqnfmmavh9jhqfdex9sdpmm', expiry=none, refreshable=false
2021-05-24 15:35:36,546 [AUDIT] Token created by 'anonymous': tokenId='f2093bf1-0f8a-4b27-9fda-d4a0fc50efc9', issuer='jfac@01egqnfh5wvnv30n1n33am1g5x', subject='jfac@01egqnfh5wvnv30n1n33am1g5x', expiry=1621870656523, refreshable=false
2021-05-24 15:35:36,686 [AUDIT] Token created by 'anonymous': tokenId='206637b3-cf88-4582-8039-31ed5d800f21', issuer='jfac@01egqnfh5wvnv30n1n33am1g5x', subject='jfac@01egqnfh5wvnv30n1n33am1g5x', expiry=1621870656683, refreshable=false
2021-05-24 15:35:36,907 [AUDIT] Token created by 'anonymous': tokenId='8ac1da0e-eac8-4b3f-bba2-5dfbd47253c6', issuer='jfac@01egqnfh5wvnv30n1n33am1g5x', subject='jfac@01egqnfh5wvnv30n1n33am1g5x', expiry=1621870656903, refreshable=false
2021-05-24 15:35:37,325 [AUDIT] Token created by 'anonymous': tokenId='23d1843d-d7b3-4de2-b824-39d894ad2de4', issuer='jfac@01egqnfh5wvnv30n1n33am1g5x', subject='jfac@01egqnfh5wvnv30n1n33am1g5x', expiry=1621870657323, refreshable=false
2021-05-24 15:35:37,780 [AUDIT] Token created by 'anonymous': tokenId='04f03b47-447c-4698-83b9-0bd75dad9844', issuer='jfrt@01egqnftzj6k361sybwh4017ts', subject='jfrt@01egqnftzj6k361sybwh4017ts', expiry=none, refreshable=false
2021-05-24 15:35:37,927 [AUDIT] Token created by 'anonymous': tokenId='df613113-2ca7-4e69-82fd-34a5708d5dc5', issuer='jfmd@01egqnfnbcnw7kzmxycx813qb6', subject='jfmd@01egqnfnbcnw7kzmxycx813qb6', expiry=none, refreshable=false
2021-05-24 15:35:41,283 [AUDIT] Token created by 'jfrt@01egqnftzj6k361sybwh4017ts': tokenId='c3649c8e-df4a-4551-be7b-9cdf4adf7390', issuer='jfrt@01egqnftzj6k361sybwh4017ts', subject='jfrt@01egqnftzj6k361sybwh4017ts', expiry=2567950541271, refreshable=false
2021-05-24 15:35:50,348 [AUDIT] Token created by 'anonymous': tokenId='84dc29a3-2ee4-4397-8b08-adfb6a63bd2d', issuer='jffe@000', subject='jffe@000', expiry=none, refreshable=false
2021-05-24 15:35:50,422 [AUDIT] Token created by 'jffe@000': tokenId='6d49586a-fd44-434a-967b-b85a1a7ce133', issuer='jffe@000', subject='jffe@000', expiry=1621871150421, refreshable=false
2021-05-24 15:45:53,052 [AUDIT] Token created by 'jffe@000': tokenId='3f11ce5e-eaec-46be-a0bf-d4dca8bf8b6e', issuer='jffe@000', subject='jffe@000', expiry=1621871753052, refreshable=false
2021-05-24 15:45:53,054 [AUDIT] Token created by 'jffe@000': tokenId='db95cfc1-d770-467d-a814-4866071f77b0', issuer='jffe@000', subject='jffe@000', expiry=1621871753054, refreshable=false
2021-05-24 15:45:53,057 [AUDIT] Token created by 'jffe@000': tokenId='21ec1655-bfe8-40c3-ae0e-51d429f0140d', issuer='jffe@000', subject='jffe@000', expiry=1621871753057, refreshable=false
2021-05-24 15:45:53,071 [AUDIT] Token created by 'jffe@000': tokenId='928898db-c3b1-48d3-87b2-e47b90568534', issuer='jffe@000', subject='jffe@000', expiry=1621871753071, refreshable=false
2021-05-24 15:55:53,113 [AUDIT] Token created by 'jffe@000': tokenId='4d9371e7-b5ee-49f0-938d-caf849aa50a3', issuer='jffe@000', subject='jffe@000', expiry=1621872353113, refreshable=false
2021-05-24 15:55:53,116 [AUDIT] Token created by 'jffe@000': tokenId='2b6a27b5-2329-4251-8bde-5e2859c1b7dc', issuer='jffe@000', subject='jffe@000', expiry=1621872353116, refreshable=false
2021-05-24 15:55:53,116 [AUDIT] Token created by 'jffe@000': tokenId='30e6cf87-376d-4631-9692-1ef6f2353ad5', issuer='jffe@000', subject='jffe@000', expiry=1621872353116, refreshable=false
2021-05-24 15:55:53,119 [AUDIT] Token created by 'jffe@000': tokenId='d2f35f33-0be6-4884-ac5b-7f7d4f5b6e35', issuer='jffe@000', subject='jffe@000', expiry=1621872353119, refreshable=false
2021-05-24 16:05:53,235 [AUDIT] Token created by 'jffe@000': tokenId='0fb65b67-e802-4c58-8bd0-860fc9871fe0', issuer='jffe@000', subject='jffe@000', expiry=1621872953235, refreshable=false
2021-05-24 16:05:53,235 [AUDIT] Token created by 'jffe@000': tokenId='a9e5eeae-0e75-48ea-87c9-cacf9ed3422a', issuer='jffe@000', subject='jffe@000', expiry=1621872953235, refreshable=false
2021-05-24 16:05:53,246 [AUDIT] Token created by 'jffe@000': tokenId='aa099fca-4b22-4bce-ba3f-286dde89c2f2', issuer='jffe@000', subject='jffe@000', expiry=1621872953246, refreshable=false
2021-05-24 16:05:53,247 [AUDIT] Token created by 'jffe@000': tokenId='1bb4e5fb-d6c7-4c55-b625-884ab0841edb', issuer='jffe@000', subject='jffe@000', expiry=1621872953247, refreshable=false
2021-05-24 16:15:53,294 [AUDIT] Token created by 'jffe@000': tokenId='f2f3b31a-6dcc-4bc0-a85f-0e77f0997ee4', issuer='jffe@000', subject='jffe@000', expiry=1621873553294, refreshable=false
2021-05-24 16:15:53,294 [AUDIT] Token created by 'jffe@000': tokenId='52776758-84b1-4b99-8e8a-59ed6ddd2e34', issuer='jffe@000', subject='jffe@000', expiry=1621873553294, refreshable=false
2021-05-24 16:15:53,305 [AUDIT] Token created by 'jffe@000': tokenId='b9408bc9-643d-4d28-ba22-62a2bd2e1483', issuer='jffe@000', subject='jffe@000', expiry=1621873553304, refreshable=false
2021-05-24 16:15:53,345 [AUDIT] Token created by 'jffe@000': tokenId='1e63fd67-e31d-4e31-84b9-3d778556805d', issuer='jffe@000', subject='jffe@000', expiry=1621873553335, refreshable=false
2021-05-24 16:25:53,333 [AUDIT] Token created by 'jffe@000': tokenId='57f500ad-c20c-4bcb-a08f-a6e91002fc32', issuer='jffe@000', subject='jffe@000', expiry=1621874153332, refreshable=false
2021-05-24 16:25:53,335 [AUDIT] Token created by 'jffe@000': tokenId='6feb2558-c325-45c4-b313-b48721c99d89', issuer='jffe@000', subject='jffe@000', expiry=1621874153335, refreshable=false
2021-05-24 16:25:53,336 [AUDIT] Token created by 'jffe@000': tokenId='5e5950de-c294-4c52-813d-513f2d20a91e', issuer='jffe@000', subject='jffe@000', expiry=1621874153336, refreshable=false
2021-05-24 16:25:53,340 [AUDIT] Token created by 'jffe@000': tokenId='24ade9ed-04c9-425b-b54c-5610e6ba6f3a', issuer='jffe@000', subject='jffe@000', expiry=1621874153340, refreshable=false
2021-05-24 16:35:26,111 [AUDIT] Token revoked by 'anonymous': tokenId='fe853cbe-f47a-40e6-8176-3a57cd515515', issuer='jfrt@01egqnftzj6k361sybwh4017ts', subject='jfrt@01egqnftzj6k361sybwh4017ts', expiry=none, refreshable=false
2021-05-24 16:35:26,123 [AUDIT] Token revoked by 'anonymous': tokenId='29008b54-d62e-4b6d-a09c-d1a54df324c5', issuer='jffe@000', subject='jffe@000', expiry=none, refreshable=false
2021-05-24 16:35:26,127 [AUDIT] Token revoked by 'anonymous': tokenId='7fedf39f-ad59-4a94-8f42-1ca49ca76476', issuer='jfmd@01egqnfnbcnw7kzmxycx813qb6', subject='jfmd@01egqnfnbcnw7kzmxycx813qb6', expiry=none, refreshable=false
2021-05-24 16:35:53,401 [AUDIT] Token created by 'jffe@000': tokenId='4e0781cc-0b77-4cab-9d30-1f4c517c079b', issuer='jffe@000', subject='jffe@000', expiry=1621874753401, refreshable=false
2021-05-24 16:35:53,403 [AUDIT] Token created by 'jffe@000': tokenId='7cb9f116-5629-4c80-af16-3a564478bce2', issuer='jffe@000', subject='jffe@000', expiry=1621874753403, refreshable=false
2021-05-24 16:35:53,403 [AUDIT] Token created by 'jffe@000': tokenId='0cc41f7a-1c4f-4602-8136-18835de47db9', issuer='jffe@000', subject='jffe@000', expiry=1621874753403, refreshable=false
2021-05-24 16:35:53,421 [AUDIT] Token created by 'jffe@000': tokenId='0ef6e62e-4a00-435e-9453-60a7b8fefb76', issuer='jffe@000', subject='jffe@000', expiry=1621874753416, refreshable=false
2021-05-24 16:45:53,434 [AUDIT] Token created by 'jffe@000': tokenId='32287f5c-29b2-4625-8185-2498912c6af2', issuer='jffe@000', subject='jffe@000', expiry=1621875353433, refreshable=false
2021-05-24 16:45:53,434 [AUDIT] Token created by 'jffe@000': tokenId='fdb741eb-1e6d-4514-b615-c7669143e215', issuer='jffe@000', subject='jffe@000', expiry=1621875353434, refreshable=false
2021-05-24 16:45:53,437 [AUDIT] Token created by 'jffe@000': tokenId='70def0d6-86da-4f69-ab2a-0f497e2e2a9e', issuer='jffe@000', subject='jffe@000', expiry=1621875353433, refreshable=false
2021-05-24 16:45:53,439 [AUDIT] Token created by 'jffe@000': tokenId='6285f243-831e-4ad8-b8f0-a6ba8274d67e', issuer='jffe@000', subject='jffe@000', expiry=1621875353438, refreshable=false
2021-05-24 16:55:53,500 [AUDIT] Token created by 'jffe@000': tokenId='deda9e30-7a9b-43df-8dfc-e3746d4434e1', issuer='jffe@000', subject='jffe@000', expiry=1621875953499, refreshable=false
2021-05-24 16:55:53,503 [AUDIT] Token created by 'jffe@000': tokenId='e3bbea7d-11e0-491c-9168-3b567fdf81b2', issuer='jffe@000', subject='jffe@000', expiry=1621875953503, refreshable=false
2021-05-24 16:55:53,505 [AUDIT] Token created by 'jffe@000': tokenId='849a9f41-3229-4878-ac36-3368f9d0d465', issuer='jffe@000', subject='jffe@000', expiry=1621875953503, refreshable=false
2021-05-24 16:55:53,505 [AUDIT] Token created by 'jffe@000': tokenId='37823303-f1dd-41b9-bcf9-68de6a29fc36', issuer='jffe@000', subject='jffe@000', expiry=1621875953505, refreshable=false
2021-05-24 17:05:53,543 [AUDIT] Token created by 'jffe@000': tokenId='034e1ef6-4608-4630-8532-8f95ea69de1d', issuer='jffe@000', subject='jffe@000', expiry=1621876553543, refreshable=false
2021-05-24 17:05:53,543 [AUDIT] Token created by 'jffe@000': tokenId='4556e96d-3778-4d7c-9070-5777d19c3913', issuer='jffe@000', subject='jffe@000', expiry=1621876553543, refreshable=false
2021-05-24 17:05:53,543 [AUDIT] Token created by 'jffe@000': tokenId='41cbf17b-4764-4a49-85c2-d64f06b18c94', issuer='jffe@000', subject='jffe@000', expiry=1621876553543, refreshable=false
2021-05-24 17:05:53,546 [AUDIT] Token created by 'jffe@000': tokenId='29be523b-f013-4226-9e9a-6698612d6a8e', issuer='jffe@000', subject='jffe@000', expiry=1621876553546, refreshable=false
2021-05-24 17:15:53,590 [AUDIT] Token created by 'jffe@000': tokenId='bd0f8d9c-6420-485d-8874-84bc649bd1a9', issuer='jffe@000', subject='jffe@000', expiry=1621877153589, refreshable=false
2021-05-24 17:15:53,591 [AUDIT] Token created by 'jffe@000': tokenId='a0f3a28b-97ea-40a3-baee-5fbcc9ae885d', issuer='jffe@000', subject='jffe@000', expiry=1621877153591, refreshable=false
2021-05-24 17:15:53,596 [AUDIT] Token created by 'jffe@000': tokenId='2fddc27e-4a0b-42a7-929d-548440e3942e', issuer='jffe@000', subject='jffe@000', expiry=1621877153596, refreshable=false
2021-05-24 17:15:53,603 [AUDIT] Token created by 'jffe@000': tokenId='70e9f0a2-9a56-4770-a7b6-25b17db1ef98', issuer='jffe@000', subject='jffe@000', expiry=1621877153603, refreshable=false
2021-05-24 17:25:53,683 [AUDIT] Token created by 'jffe@000': tokenId='e64ab1a4-8cfa-4cc5-9a8a-42cfeb67163a', issuer='jffe@000', subject='jffe@000', expiry=1621877753683, refreshable=false
2021-05-24 17:25:53,683 [AUDIT] Token created by 'jffe@000': tokenId='c22bf55c-a3fc-48cf-bbcd-edec9af1075a', issuer='jffe@000', subject='jffe@000', expiry=1621877753683, refreshable=false
2021-05-24 17:25:53,684 [AUDIT] Token created by 'jffe@000': tokenId='c25493d6-0fd8-4828-a788-fc558404711e', issuer='jffe@000', subject='jffe@000', expiry=1621877753684, refreshable=false
2021-05-24 17:25:53,692 [AUDIT] Token created by 'jffe@000': tokenId='a6a670b5-1370-48ee-b833-1c8d254e7982', issuer='jffe@000', subject='jffe@000', expiry=1621877753692, refreshable=false
2021-05-24 17:35:53,743 [AUDIT] Token created by 'jffe@000': tokenId='a2d51cb7-4060-42b2-8dd7-c02375f0694d', issuer='jffe@000', subject='jffe@000', expiry=1621878353743, refreshable=false
2021-05-24 17:35:53,745 [AUDIT] Token created by 'jffe@000': tokenId='985bc875-385e-4d3b-a776-a46edb2cdd65', issuer='jffe@000', subject='jffe@000', expiry=1621878353744, refreshable=false
2021-05-24 17:35:53,753 [AUDIT] Token created by 'jffe@000': tokenId='6061b6cf-11cd-4402-ac9c-62367bed713e', issuer='jffe@000', subject='jffe@000', expiry=1621878353753, refreshable=false
2021-05-24 17:35:53,756 [AUDIT] Token created by 'jffe@000': tokenId='14f67e56-5a8c-42d7-806c-7189ab5b678b', issuer='jffe@000', subject='jffe@000', expiry=1621878353756, refreshable=false
2021-05-24 17:45:53,858 [AUDIT] Token created by 'jffe@000': tokenId='9c78d736-4e31-44be-81d2-af39f0bbc449', issuer='jffe@000', subject='jffe@000', expiry=1621878953858, refreshable=false
2021-05-24 17:45:53,858 [AUDIT] Token created by 'jffe@000': tokenId='ad1d64e4-ba17-4c89-802f-503b9f79359d', issuer='jffe@000', subject='jffe@000', expiry=1621878953858, refreshable=false
2021-05-24 17:45:53,858 [AUDIT] Token created by 'jffe@000': tokenId='312454d0-a5c2-40ac-aeba-a95455cbda39', issuer='jffe@000', subject='jffe@000', expiry=1621878953858, refreshable=false
2021-05-24 17:45:53,868 [AUDIT] Token created by 'jffe@000': tokenId='b306752f-a986-48ad-a7b8-564e11b14a84', issuer='jffe@000', subject='jffe@000', expiry=1621878953868, refreshable=false
2021-05-24 17:55:53,904 [AUDIT] Token created by 'jffe@000': tokenId='82921ce1-cc1c-465a-9f37-c7f4a872db18', issuer='jffe@000', subject='jffe@000', expiry=1621879553904, refreshable=false
2021-05-24 17:55:53,904 [AUDIT] Token created by 'jffe@000': tokenId='ce2f322b-4c5a-490c-be80-58b433ee0cc3', issuer='jffe@000', subject='jffe@000', expiry=1621879553904, refreshable=false
2021-05-24 17:55:53,904 [AUDIT] Token created by 'jffe@000': tokenId='9e5e5dd9-7922-40af-856a-de1572ec15af', issuer='jffe@000', subject='jffe@000', expiry=1621879553904, refreshable=false
2021-05-24 17:55:53,908 [AUDIT] Token created by 'jffe@000': tokenId='c3140896-05aa-4d34-87ea-58daa3c99ef1', issuer='jffe@000', subject='jffe@000', expiry=1621879553908, refreshable=false
2021-05-24 18:05:53,956 [AUDIT] Token created by 'jffe@000': tokenId='8887eb1f-c2fb-4e8e-99ff-886ec2e7838e', issuer='jffe@000', subject='jffe@000', expiry=1621880153956, refreshable=false
2021-05-24 18:05:53,960 [AUDIT] Token created by 'jffe@000': tokenId='571de798-5c24-42a6-91b4-096035f0771f', issuer='jffe@000', subject='jffe@000', expiry=1621880153960, refreshable=false
2021-05-24 18:05:53,960 [AUDIT] Token created by 'jffe@000': tokenId='89d02138-49a1-407d-ad35-e41d72e46927', issuer='jffe@000', subject='jffe@000', expiry=1621880153960, refreshable=false
2021-05-24 18:05:53,961 [AUDIT] Token created by 'jffe@000': tokenId='cbfe1f9e-f750-4bd9-bad7-cd6e2d719791', issuer='jffe@000', subject='jffe@000', expiry=1621880153961, refreshable=false
2021-05-24 18:15:54,064 [AUDIT] Token created by 'jffe@000': tokenId='c74fac6f-d847-42d2-b91a-7c6c16e58545', issuer='jffe@000', subject='jffe@000', expiry=1621880754064, refreshable=false
2021-05-24 18:15:54,064 [AUDIT] Token created by 'jffe@000': tokenId='b83e1fe0-f1b8-4785-871d-b4036566f969', issuer='jffe@000', subject='jffe@000', expiry=1621880754064, refreshable=false
2021-05-24 18:15:54,072 [AUDIT] Token created by 'jffe@000': tokenId='a98e4f22-3b71-4cc4-873b-bf597c092dd9', issuer='jffe@000', subject='jffe@000', expiry=1621880754071, refreshable=false
2021-05-24 18:15:54,086 [AUDIT] Token created by 'jffe@000': tokenId='ce0997ab-3969-4c21-b270-8eee805645be', issuer='jffe@000', subject='jffe@000', expiry=1621880754072, refreshable=false
2021-05-24 18:25:54,153 [AUDIT] Token created by 'jffe@000': tokenId='0efa03e5-9a41-4e4f-ad8b-46d530816686', issuer='jffe@000', subject='jffe@000', expiry=1621881354153, refreshable=false
2021-05-24 18:25:54,157 [AUDIT] Token created by 'jffe@000': tokenId='4e31c549-440b-4987-b0bb-994d792c307e', issuer='jffe@000', subject='jffe@000', expiry=1621881354157, refreshable=false
2021-05-24 18:25:54,160 [AUDIT] Token created by 'jffe@000': tokenId='3600dd01-4d8b-4d5b-8e72-834b3f328164', issuer='jffe@000', subject='jffe@000', expiry=1621881354160, refreshable=false
2021-05-24 18:25:54,162 [AUDIT] Token created by 'jffe@000': tokenId='9072a485-0494-41c2-9d7f-9299c5f293dc', issuer='jffe@000', subject='jffe@000', expiry=1621881354162, refreshable=false
2021-05-24 18:35:54,217 [AUDIT] Token created by 'jffe@000': tokenId='6afde5bd-71a1-4491-84a2-b32d9dee347d', issuer='jffe@000', subject='jffe@000', expiry=1621881954217, refreshable=false
2021-05-24 18:35:54,218 [AUDIT] Token created by 'jffe@000': tokenId='35504cf8-3a82-45c1-90e5-142ba8bccc18', issuer='jffe@000', subject='jffe@000', expiry=1621881954217, refreshable=false
2021-05-24 18:35:54,219 [AUDIT] Token created by 'jffe@000': tokenId='b6ae85aa-db2e-4e2d-8f88-c19eea177ec6', issuer='jffe@000', subject='jffe@000', expiry=1621881954217, refreshable=false
2021-05-24 18:35:54,231 [AUDIT] Token created by 'jffe@000': tokenId='ec4a81d0-4f28-4e64-acc8-8e24eb7ea65e', issuer='jffe@000', subject='jffe@000', expiry=1621881954231, refreshable=false
