app_disk_used_bytes 9.558491136e+09 1621971303132
app_disk_free_bytes 5.3395914752e+10 1621971303132
app_io_counters_write_bytes 372736 1621971303132
app_io_counters_read_bytes 4096 1621971303132
app_self_metrics_calc_seconds 0.050951827 1621971303132
app_self_metrics_total 17 1621971303132
go_memstats_heap_idle_bytes 5.6958976e+07 1621971303132
go_memstats_heap_objects_total 18982 1621971303132
go_memstats_heap_reserved_bytes 6.6617344e+07 1621971303132
go_memstats_gc_cpu_fraction_ratio 0.04372455828612691 1621971303132
go_memstats_heap_in_use_bytes 9.658368e+06 1621971303132
go_memstats_heap_allocated_bytes 8.154024e+06 1621971303132
go_routines_total 17 1621971303132
sys_cpu_ratio 0.7857142857176498 1621971303132
sys_load_1 0.25 1621971303132
sys_load_5 0.11 1621971303132
sys_load_15 0.04 1621971303132
sys_memory_used_bytes 1.636519936e+09 1621971303132
sys_memory_free_bytes 2.02461184e+08 1621971303132

app_disk_used_bytes 9.717706752e+09 1621971313184
app_disk_free_bytes 5.3236699136e+10 1621971313184
app_io_counters_read_bytes 4096 1621971313184
app_io_counters_write_bytes 421888 1621971313184
app_self_metrics_calc_seconds 0.050868712 1621971313184
app_self_metrics_total 17 1621971313184
go_memstats_gc_cpu_fraction_ratio 0.04372455828612691 1621971313184
go_memstats_heap_in_use_bytes 9.879552e+06 1621971313184
go_memstats_heap_allocated_bytes 8.415896e+06 1621971313184
go_memstats_heap_idle_bytes 5.6705024e+07 1621971313184
go_memstats_heap_objects_total 22186 1621971313184
go_memstats_heap_reserved_bytes 6.6584576e+07 1621971313184
go_routines_total 14 1621971313184
sys_cpu_ratio 0.4117647058868768 1621971313184
sys_load_1 0.59 1621971313184
sys_load_5 0.19 1621971313184
sys_load_15 0.07 1621971313184
sys_memory_used_bytes 2.229059584e+09 1621971313184
sys_memory_free_bytes 1.166336e+08 1621971313184

app_disk_free_bytes 5.3245968384e+10 1621971323183
app_disk_used_bytes 9.708437504e+09 1621971323183
app_io_counters_read_bytes 4096 1621971323183
app_io_counters_write_bytes 458752 1621971323183
app_self_metrics_calc_seconds 0.050450891 1621971323183
app_self_metrics_total 17 1621971323183
go_memstats_heap_reserved_bytes 6.6584576e+07 1621971323183
go_memstats_gc_cpu_fraction_ratio 0.04372455828612691 1621971323183
go_memstats_heap_in_use_bytes 1.0092544e+07 1621971323183
go_memstats_heap_allocated_bytes 8.59516e+06 1621971323183
go_memstats_heap_idle_bytes 5.6492032e+07 1621971323183
go_memstats_heap_objects_total 24631 1621971323183
go_routines_total 14 1621971323183
sys_cpu_ratio 0.3999999999957557 1621971323183
sys_load_1 0.65 1621971323183
sys_load_5 0.22 1621971323183
sys_load_15 0.08 1621971323183
sys_memory_used_bytes 2.301206528e+09 1621971323183
sys_memory_free_bytes 1.64814848e+08 1621971323183

app_disk_used_bytes 9.708433408e+09 1621971333185
app_disk_free_bytes 5.324597248e+10 1621971333185
app_io_counters_read_bytes 4096 1621971333185
app_io_counters_write_bytes 516096 1621971333185
app_self_metrics_calc_seconds 0.050987638 1621971333185
app_self_metrics_total 17 1621971333185
go_memstats_heap_in_use_bytes 1.0289152e+07 1621971333185
go_memstats_heap_allocated_bytes 8.805288e+06 1621971333185
go_memstats_heap_idle_bytes 5.6295424e+07 1621971333185
go_memstats_heap_objects_total 27562 1621971333185
go_memstats_heap_reserved_bytes 6.6584576e+07 1621971333185
go_memstats_gc_cpu_fraction_ratio 0.04372455828612691 1621971333185
go_routines_total 17 1621971333185
sys_cpu_ratio 0.062499999998578915 1621971333185
sys_load_1 0.92 1621971333185
sys_load_5 0.29 1621971333185
sys_load_15 0.1 1621971333185
sys_memory_used_bytes 2.28425728e+09 1621971333185
sys_memory_free_bytes 1.81624832e+08 1621971333185

app_disk_used_bytes 9.708437504e+09 1621971343184
app_disk_free_bytes 5.3245968384e+10 1621971343184
app_io_counters_read_bytes 4096 1621971343184
app_io_counters_write_bytes 557056 1621971343184
app_self_metrics_calc_seconds 0.050804185 1621971343184
app_self_metrics_total 17 1621971343184
go_memstats_heap_objects_total 29648 1621971343184
go_memstats_heap_reserved_bytes 6.6551808e+07 1621971343184
go_memstats_gc_cpu_fraction_ratio 0.04372455828612691 1621971343184
go_memstats_heap_in_use_bytes 1.040384e+07 1621971343184
go_memstats_heap_allocated_bytes 8.952256e+06 1621971343184
go_memstats_heap_idle_bytes 5.6147968e+07 1621971343184
go_routines_total 16 1621971343184
sys_cpu_ratio 0 1621971343184
sys_load_1 0.78 1621971343184
sys_load_5 0.28 1621971343184
sys_load_15 0.1 1621971343184
sys_memory_used_bytes 2.275684352e+09 1621971343184
sys_memory_free_bytes 1.90005248e+08 1621971343184

app_disk_used_bytes 9.708453888e+09 1621971353184
app_disk_free_bytes 5.3245952e+10 1621971353184
app_io_counters_write_bytes 606208 1621971353184
app_io_counters_read_bytes 4096 1621971353184
app_self_metrics_calc_seconds 0.050954283 1621971353184
app_self_metrics_total 17 1621971353184
go_memstats_heap_allocated_bytes 9.142968e+06 1621971353184
go_memstats_heap_idle_bytes 5.5934976e+07 1621971353184
go_memstats_heap_objects_total 32443 1621971353184
go_memstats_heap_reserved_bytes 6.6551808e+07 1621971353184
go_memstats_gc_cpu_fraction_ratio 0.04372455828612691 1621971353184
go_memstats_heap_in_use_bytes 1.0616832e+07 1621971353184
go_routines_total 14 1621971353184
sys_cpu_ratio 0 1621971353184
sys_load_1 0.66 1621971353184
sys_load_5 0.27 1621971353184
sys_load_15 0.1 1621971353184
sys_memory_used_bytes 2.277793792e+09 1621971353184
sys_memory_free_bytes 1.8771968e+08 1621971353184

app_disk_used_bytes 9.708457984e+09 1621971363183
app_disk_free_bytes 5.3245947904e+10 1621971363183
app_io_counters_read_bytes 4096 1621971363183
app_io_counters_write_bytes 651264 1621971363183
app_self_metrics_calc_seconds 0.050937874 1621971363183
app_self_metrics_total 17 1621971363183
go_memstats_heap_in_use_bytes 1.0747904e+07 1621971363183
go_memstats_heap_allocated_bytes 9.325568e+06 1621971363183
go_memstats_heap_idle_bytes 5.5803904e+07 1621971363183
go_memstats_heap_objects_total 35028 1621971363183
go_memstats_heap_reserved_bytes 6.6551808e+07 1621971363183
go_memstats_gc_cpu_fraction_ratio 0.04372455828612691 1621971363183
go_routines_total 14 1621971363183
sys_cpu_ratio 0 1621971363183
sys_load_1 0.56 1621971363183
sys_load_5 0.26 1621971363183
sys_load_15 0.1 1621971363183
sys_memory_used_bytes 2.28841472e+09 1621971363183
sys_memory_free_bytes 1.74927872e+08 1621971363183

app_disk_used_bytes 9.70846208e+09 1621971373185
app_disk_free_bytes 5.3245943808e+10 1621971373185
app_io_counters_read_bytes 4096 1621971373185
app_io_counters_write_bytes 696320 1621971373185
app_self_metrics_calc_seconds 0.050874668 1621971373185
app_self_metrics_total 17 1621971373185
go_memstats_heap_allocated_bytes 9.510824e+06 1621971373185
go_memstats_heap_idle_bytes 5.5607296e+07 1621971373185
go_memstats_heap_objects_total 37689 1621971373185
go_memstats_heap_reserved_bytes 6.6551808e+07 1621971373185
go_memstats_gc_cpu_fraction_ratio 0.04372455828612691 1621971373185
go_memstats_heap_in_use_bytes 1.0944512e+07 1621971373185
go_routines_total 13 1621971373185
sys_cpu_ratio 0 1621971373185
sys_load_1 0.55 1621971373185
sys_load_5 0.27 1621971373185
sys_load_15 0.1 1621971373185
sys_memory_used_bytes 2.28913152e+09 1621971373185
sys_memory_free_bytes 1.74166016e+08 1621971373185

app_disk_used_bytes 9.708470272e+09 1621971383183
app_disk_free_bytes 5.3245935616e+10 1621971383183
app_io_counters_write_bytes 737280 1621971383183
app_io_counters_read_bytes 4096 1621971383183
app_self_metrics_calc_seconds 0.053985678 1621971383183
app_self_metrics_total 17 1621971383183
go_memstats_gc_cpu_fraction_ratio 0.04372455828612691 1621971383183
go_memstats_heap_in_use_bytes 1.1124736e+07 1621971383183
go_memstats_heap_allocated_bytes 9.691408e+06 1621971383183
go_memstats_heap_idle_bytes 5.5427072e+07 1621971383183
go_memstats_heap_objects_total 40271 1621971383183
go_memstats_heap_reserved_bytes 6.6551808e+07 1621971383183
go_routines_total 13 1621971383183
sys_cpu_ratio 0 1621971383183
sys_load_1 0.46 1621971383183
sys_load_5 0.26 1621971383183
sys_load_15 0.1 1621971383183
sys_memory_used_bytes 2.287304704e+09 1621971383183
sys_memory_free_bytes 1.7594368e+08 1621971383183

app_disk_used_bytes 9.708478464e+09 1621971393184
app_disk_free_bytes 5.3245927424e+10 1621971393184
app_io_counters_read_bytes 4096 1621971393184
app_io_counters_write_bytes 782336 1621971393184
app_self_metrics_calc_seconds 0.050826199 1621971393184
app_self_metrics_total 17 1621971393184
go_memstats_heap_in_use_bytes 1.1288576e+07 1621971393184
go_memstats_heap_allocated_bytes 9.85988e+06 1621971393184
go_memstats_heap_idle_bytes 5.5263232e+07 1621971393184
go_memstats_heap_objects_total 42615 1621971393184
go_memstats_heap_reserved_bytes 6.6551808e+07 1621971393184
go_memstats_gc_cpu_fraction_ratio 0.04372455828612691 1621971393184
go_routines_total 15 1621971393184
sys_cpu_ratio 0 1621971393184
sys_load_15 0.1 1621971393184
sys_load_1 0.39 1621971393184
sys_load_5 0.25 1621971393184
sys_memory_free_bytes 1.75562752e+08 1621971393184
sys_memory_used_bytes 2.287644672e+09 1621971393184

app_disk_used_bytes 9.70848256e+09 1621971403187
app_disk_free_bytes 5.3245923328e+10 1621971403187
app_io_counters_read_bytes 4096 1621971403187
app_io_counters_write_bytes 827392 1621971403187
app_self_metrics_calc_seconds 0.059678577 1621971403187
app_self_metrics_total 17 1621971403187
go_memstats_heap_idle_bytes 5.5099392e+07 1621971403187
go_memstats_heap_objects_total 45152 1621971403187
go_memstats_heap_reserved_bytes 6.6551808e+07 1621971403187
go_memstats_gc_cpu_fraction_ratio 0.04372455828612691 1621971403187
go_memstats_heap_in_use_bytes 1.1452416e+07 1621971403187
go_memstats_heap_allocated_bytes 1.002592e+07 1621971403187
go_routines_total 17 1621971403187
sys_cpu_ratio 0 1621971403187
sys_load_1 0.33 1621971403187
sys_load_5 0.25 1621971403187
sys_load_15 0.1 1621971403187
sys_memory_used_bytes 2.288848896e+09 1621971403187
sys_memory_free_bytes 1.74321664e+08 1621971403187

app_disk_used_bytes 9.708498944e+09 1621971413183
app_disk_free_bytes 5.3245906944e+10 1621971413183
app_io_counters_write_bytes 876544 1621971413183
app_io_counters_read_bytes 4096 1621971413183
app_self_metrics_calc_seconds 0.054919827 1621971413183
app_self_metrics_total 17 1621971413183
go_memstats_heap_in_use_bytes 1.1616256e+07 1621971413183
go_memstats_heap_allocated_bytes 1.0217688e+07 1621971413183
go_memstats_heap_idle_bytes 5.4935552e+07 1621971413183
go_memstats_heap_objects_total 47774 1621971413183
go_memstats_heap_reserved_bytes 6.6551808e+07 1621971413183
go_memstats_gc_cpu_fraction_ratio 0.04372455828612691 1621971413183
go_routines_total 15 1621971413183
sys_cpu_ratio 0 1621971413183
sys_load_1 0.28 1621971413183
sys_load_5 0.24 1621971413183
sys_load_15 0.1 1621971413183
sys_memory_used_bytes 2.288693248e+09 1621971413183
sys_memory_free_bytes 1.74419968e+08 1621971413183

