2020-08-27T09:55:07.764Z [jfrou] [INFO ] [a0c54d1a3ca12ac ] [bootstrap.go:71               ] [main                ] - Router (jfrou) service initialization started. Version: 1.4.2 Revision: 04f9b835bcb908f9bb8d4743e64903e077f5b1ad PID: 4026 Home: /opt/jfrog/artifactory
2020-08-27T09:55:07.767Z [jfrou] [INFO ] [a0c54d1a3ca12ac ] [bootstrap.go:74               ] [main                ] - JFrog Router IP: 172.17.0.3
2020-08-27T09:55:12.770Z [jfrou] [INFO ] [a0c54d1a3ca12ac ] [security_keys.go:114          ] [main                ] - Master key is missing. Pending for 5 seconds with 2m0s timeout
2020-08-27T09:55:17.772Z [jfrou] [INFO ] [a0c54d1a3ca12ac ] [security_keys.go:128          ] [main                ] - Cluster join: Join key is missing. Pending for 10 seconds with 2m0s timeout
2020-08-27T09:55:18.793Z [jfrou] [INFO ] [a0c54d1a3ca12ac ] [bootstrap.go:175              ] [main                ] - System configuration encryption report:
shared.newrelic.licenseKey: does not exist in the config file
shared.security.joinKeyFile: file '/opt/jfrog/artifactory/var/etc/security/join.key' - already encrypted
2020-08-27T09:55:18.794Z [jfrou] [INFO ] [a0c54d1a3ca12ac ] [bootstrap.go:79               ] [main                ] - JFrog Router Service ID: jfrou@01egqnfmmavh9jhqfdex9sdpmm
2020-08-27T09:55:18.794Z [jfrou] [INFO ] [a0c54d1a3ca12ac ] [bootstrap.go:80               ] [main                ] - JFrog Router Node ID: d721c96ad16e
2020-08-27T09:55:18.815Z [jfrou] [INFO ] [a0c54d1a3ca12ac ] [http_client_holder.go:155     ] [main                ] - System cert pool contents were loaded as trusted CAs for TLS communication
2020-08-27T09:55:19.764Z [jfrou] [INFO ] [a0c54d1a3ca12ac ] [config_holder.go:107          ] [main                ] - Configuration update detected
2020-08-27T09:55:21.416Z [jfrou] [INFO ] [a0c54d1a3ca12ac ] [join_executor.go:188          ] [main                ] - Cluster join: Successfully joined the cluster
2020-08-27T09:55:21.416Z [jfrou] [INFO ] [a0c54d1a3ca12ac ] [http_client_holder.go:155     ] [main                ] - System cert pool contents were loaded as trusted CAs for TLS communication
2020-08-27T09:55:21.416Z [jfrou] [INFO ] [a0c54d1a3ca12ac ] [http_client_holder.go:175     ] [main                ] - Following certificates were successfully loaded as trusted CAs for TLS communication:
[/opt/jfrog/artifactory/var/data/router/keys/trusted/access-root-ca.crt]
2020-08-27T09:55:21.438Z [jfrou] [INFO ] [a0c54d1a3ca12ac ] [main.go:47                    ] [main                ] - Router (jfrou) service initialization completed in 13.737 seconds. Listening on port: 8082
2020-08-27T09:55:41.451Z [jfrou] [INFO ] [66e8d231006aa920] [local_topology.go:213         ] [main                ] - 
###############################################################
###   All services started successfully in 33.749 seconds   ###
###############################################################
2020-08-27T09:58:51.483Z [jfrou] [ERROR] [5e63f607fcbd9493] [external_topology.go:82       ] [main                ] - Failed fetching external topology from Access: Get "http://localhost:8040/access/api/v1/topology": dial tcp 127.0.0.1:8040: connect: connection refused
2020-08-27T09:58:54.483Z [jfrou] [ERROR] [6724e7fdb2437037] [external_topology.go:82       ] [main                ] - Failed fetching external topology from Access: Get "http://localhost:8040/access/api/v1/topology": dial tcp 127.0.0.1:8040: connect: connection refused
2021-05-24T15:35:02.667Z [jfrou] [INFO ] [6bdd4015cb5bae1 ] [bootstrap.go:71               ] [main                ] - Router (jfrou) service initialization started. Version: 1.4.2 Revision: 04f9b835bcb908f9bb8d4743e64903e077f5b1ad PID: 3702 Home: /opt/jfrog/artifactory
2021-05-24T15:35:02.667Z [jfrou] [INFO ] [6bdd4015cb5bae1 ] [bootstrap.go:74               ] [main                ] - JFrog Router IP: 172.18.0.3
2021-05-24T15:35:02.669Z [jfrou] [INFO ] [6bdd4015cb5bae1 ] [bootstrap.go:175              ] [main                ] - System configuration encryption report:
shared.newrelic.licenseKey: does not exist in the config file
shared.security.joinKeyFile: file '/opt/jfrog/artifactory/var/etc/security/join.key' - already encrypted
2021-05-24T15:35:02.670Z [jfrou] [INFO ] [6bdd4015cb5bae1 ] [bootstrap.go:79               ] [main                ] - JFrog Router Service ID: jfrou@01egqnfmmavh9jhqfdex9sdpmm
2021-05-24T15:35:02.670Z [jfrou] [INFO ] [6bdd4015cb5bae1 ] [bootstrap.go:80               ] [main                ] - JFrog Router Node ID: 7df499fcb9fe
2021-05-24T15:35:02.695Z [jfrou] [INFO ] [6bdd4015cb5bae1 ] [http_client_holder.go:155     ] [main                ] - System cert pool contents were loaded as trusted CAs for TLS communication
2021-05-24T15:35:02.696Z [jfrou] [INFO ] [6bdd4015cb5bae1 ] [http_client_holder.go:175     ] [main                ] - Following certificates were successfully loaded as trusted CAs for TLS communication:
[/opt/jfrog/artifactory/var/data/router/keys/trusted/access-root-ca.crt]
2021-05-24T15:35:04.672Z [jfrou] [INFO ] [6bdd4015cb5bae1 ] [config_holder.go:107          ] [main                ] - Configuration update detected
2021-05-24T15:35:35.027Z [jfrou] [INFO ] [6bdd4015cb5bae1 ] [join_executor.go:188          ] [main                ] - Cluster join: Successfully joined the cluster
2021-05-24T15:35:35.028Z [jfrou] [INFO ] [6bdd4015cb5bae1 ] [http_client_holder.go:155     ] [main                ] - System cert pool contents were loaded as trusted CAs for TLS communication
2021-05-24T15:35:35.029Z [jfrou] [INFO ] [6bdd4015cb5bae1 ] [http_client_holder.go:175     ] [main                ] - Following certificates were successfully loaded as trusted CAs for TLS communication:
[/opt/jfrog/artifactory/var/data/router/keys/trusted/access-root-ca.crt]
2021-05-24T15:35:35.047Z [jfrou] [INFO ] [6bdd4015cb5bae1 ] [main.go:47                    ] [main                ] - Router (jfrou) service initialization completed in 32.384 seconds. Listening on port: 8082
2021-05-24T15:35:55.135Z [jfrou] [INFO ] [f8af7b9f320b613 ] [local_topology.go:213         ] [main                ] - 
###############################################################
###   All services started successfully in 52.470 seconds   ###
###############################################################
2021-05-24T18:45:08.646Z [jfrou] [ERROR] [5202826a20e86c76] [external_topology.go:82       ] [main                ] - Failed fetching external topology from Access: Get "http://localhost:8040/access/api/v1/topology": read tcp 127.0.0.1:58184->127.0.0.1:8040: read: connection reset by peer
2021-05-24T18:45:11.247Z [jfrou] [ERROR] [409dbb87ac68ee2f] [external_topology.go:82       ] [main                ] - Failed fetching external topology from Access: Get "http://localhost:8040/access/api/v1/topology": dial tcp 127.0.0.1:8040: connect: connection refused
2021-05-25T19:35:02.304Z [jfrou] [INFO ] [411b7d6ecba3ab56] [bootstrap.go:76               ] [main                ] - Router (jfrou) service initialization started. Version: 7.19.4-1 Revision: a650c79d3af810e94b7a9f7f2d843c669475b700 PID: 3076 Home: /opt/jfrog/artifactory
2021-05-25T19:35:02.304Z [jfrou] [INFO ] [411b7d6ecba3ab56] [bootstrap.go:79               ] [main                ] - JFrog Router IP: 172.19.0.5
2021-05-25T19:35:02.305Z [jfrou] [INFO ] [411b7d6ecba3ab56] [bootstrap.go:192              ] [main                ] - System configuration encryption report:
shared.newrelic.licenseKey: does not exist in the config file
shared.security.joinKeyFile: file '/opt/jfrog/artifactory/var/etc/security/join.key' - already encrypted
2021-05-25T19:35:02.306Z [jfrou] [INFO ] [411b7d6ecba3ab56] [bootstrap.go:84               ] [main                ] - JFrog Router Service ID: jfrou@01egqnfmmavh9jhqfdex9sdpmm
2021-05-25T19:35:02.306Z [jfrou] [INFO ] [411b7d6ecba3ab56] [bootstrap.go:85               ] [main                ] - JFrog Router Node ID: bb392ef27062
2021-05-25T19:35:02.326Z [jfrou] [INFO ] [411b7d6ecba3ab56] [http_client_holder.go:155     ] [main                ] - System cert pool contents were loaded as trusted CAs for TLS communication
2021-05-25T19:35:02.326Z [jfrou] [INFO ] [411b7d6ecba3ab56] [http_client_holder.go:175     ] [main                ] - Following certificates were successfully loaded as trusted CAs for TLS communication:
[/opt/jfrog/artifactory/var/data/router/keys/trusted/access-root-ca.crt]
2021-05-25T19:35:04.305Z [jfrou] [INFO ] [411b7d6ecba3ab56] [config_holder.go:107          ] [main                ] - Configuration update detected
2021-05-25T19:35:20.522Z [jfrou] [INFO ] [411b7d6ecba3ab56] [join_executor.go:165          ] [main                ] - Cluster join: Retry 5: Service registry ping failed, will retry. Error: could not parse error from service registry, status code: 404, raw body: <!doctype html><html lang="en"><head><title>HTTP Status 404 – Not Found</title><style type="text/css">body {font-family:Tahoma,Arial,sans-serif;} h1, h2, h3, b {color:white;background-color:#525D76;} h1 {font-size:22px;} h2 {font-size:16px;} h3 {font-size:14px;} p {font-size:12px;} a {color:black;} .line {height:1px;background-color:#525D76;border:none;}</style></head><body><h1>HTTP Status 404 – Not Found</h1></body></html>
2021-05-25T19:35:25.550Z [jfrou] [INFO ] [411b7d6ecba3ab56] [join_executor.go:165          ] [main                ] - Cluster join: Retry 10: Service registry ping failed, will retry. Error: could not parse error from service registry, status code: 404, raw body: <!doctype html><html lang="en"><head><title>HTTP Status 404 – Not Found</title><style type="text/css">body {font-family:Tahoma,Arial,sans-serif;} h1, h2, h3, b {color:white;background-color:#525D76;} h1 {font-size:22px;} h2 {font-size:16px;} h3 {font-size:14px;} p {font-size:12px;} a {color:black;} .line {height:1px;background-color:#525D76;border:none;}</style></head><body><h1>HTTP Status 404 – Not Found</h1></body></html>
2021-05-25T19:35:30.563Z [jfrou] [INFO ] [411b7d6ecba3ab56] [join_executor.go:165          ] [main                ] - Cluster join: Retry 15: Service registry ping failed, will retry. Error: could not parse error from service registry, status code: 404, raw body: <!doctype html><html lang="en"><head><title>HTTP Status 404 – Not Found</title><style type="text/css">body {font-family:Tahoma,Arial,sans-serif;} h1, h2, h3, b {color:white;background-color:#525D76;} h1 {font-size:22px;} h2 {font-size:16px;} h3 {font-size:14px;} p {font-size:12px;} a {color:black;} .line {height:1px;background-color:#525D76;border:none;}</style></head><body><h1>HTTP Status 404 – Not Found</h1></body></html>
2021-05-25T19:35:35.578Z [jfrou] [INFO ] [411b7d6ecba3ab56] [join_executor.go:165          ] [main                ] - Cluster join: Retry 20: Service registry ping failed, will retry. Error: could not parse error from service registry, status code: 404, raw body: <!doctype html><html lang="en"><head><title>HTTP Status 404 – Not Found</title><style type="text/css">body {font-family:Tahoma,Arial,sans-serif;} h1, h2, h3, b {color:white;background-color:#525D76;} h1 {font-size:22px;} h2 {font-size:16px;} h3 {font-size:14px;} p {font-size:12px;} a {color:black;} .line {height:1px;background-color:#525D76;border:none;}</style></head><body><h1>HTTP Status 404 – Not Found</h1></body></html>
2021-05-25T19:35:40.621Z [jfrou] [INFO ] [411b7d6ecba3ab56] [join_executor.go:165          ] [main                ] - Cluster join: Retry 25: Service registry ping failed, will retry. Error: could not parse error from service registry, status code: 404, raw body: <!doctype html><html lang="en"><head><title>HTTP Status 404 – Not Found</title><style type="text/css">body {font-family:Tahoma,Arial,sans-serif;} h1, h2, h3, b {color:white;background-color:#525D76;} h1 {font-size:22px;} h2 {font-size:16px;} h3 {font-size:14px;} p {font-size:12px;} a {color:black;} .line {height:1px;background-color:#525D76;border:none;}</style></head><body><h1>HTTP Status 404 – Not Found</h1></body></html>
2021-05-25T19:35:45.638Z [jfrou] [INFO ] [411b7d6ecba3ab56] [join_executor.go:165          ] [main                ] - Cluster join: Retry 30: Service registry ping failed, will retry. Error: could not parse error from service registry, status code: 404, raw body: <!doctype html><html lang="en"><head><title>HTTP Status 404 – Not Found</title><style type="text/css">body {font-family:Tahoma,Arial,sans-serif;} h1, h2, h3, b {color:white;background-color:#525D76;} h1 {font-size:22px;} h2 {font-size:16px;} h3 {font-size:14px;} p {font-size:12px;} a {color:black;} .line {height:1px;background-color:#525D76;border:none;}</style></head><body><h1>HTTP Status 404 – Not Found</h1></body></html>
2021-05-25T19:35:50.652Z [jfrou] [INFO ] [411b7d6ecba3ab56] [join_executor.go:165          ] [main                ] - Cluster join: Retry 35: Service registry ping failed, will retry. Error: could not parse error from service registry, status code: 404, raw body: <!doctype html><html lang="en"><head><title>HTTP Status 404 – Not Found</title><style type="text/css">body {font-family:Tahoma,Arial,sans-serif;} h1, h2, h3, b {color:white;background-color:#525D76;} h1 {font-size:22px;} h2 {font-size:16px;} h3 {font-size:14px;} p {font-size:12px;} a {color:black;} .line {height:1px;background-color:#525D76;border:none;}</style></head><body><h1>HTTP Status 404 – Not Found</h1></body></html>
2021-05-25T19:35:55.678Z [jfrou] [INFO ] [411b7d6ecba3ab56] [join_executor.go:165          ] [main                ] - Cluster join: Retry 40: Service registry ping failed, will retry. Error: could not parse error from service registry, status code: 404, raw body: <!doctype html><html lang="en"><head><title>HTTP Status 404 – Not Found</title><style type="text/css">body {font-family:Tahoma,Arial,sans-serif;} h1, h2, h3, b {color:white;background-color:#525D76;} h1 {font-size:22px;} h2 {font-size:16px;} h3 {font-size:14px;} p {font-size:12px;} a {color:black;} .line {height:1px;background-color:#525D76;border:none;}</style></head><body><h1>HTTP Status 404 – Not Found</h1></body></html>
2021-05-25T19:36:00.691Z [jfrou] [INFO ] [411b7d6ecba3ab56] [join_executor.go:165          ] [main                ] - Cluster join: Retry 45: Service registry ping failed, will retry. Error: could not parse error from service registry, status code: 404, raw body: <!doctype html><html lang="en"><head><title>HTTP Status 404 – Not Found</title><style type="text/css">body {font-family:Tahoma,Arial,sans-serif;} h1, h2, h3, b {color:white;background-color:#525D76;} h1 {font-size:22px;} h2 {font-size:16px;} h3 {font-size:14px;} p {font-size:12px;} a {color:black;} .line {height:1px;background-color:#525D76;border:none;}</style></head><body><h1>HTTP Status 404 – Not Found</h1></body></html>
2021-05-25T19:36:05.703Z [jfrou] [INFO ] [411b7d6ecba3ab56] [join_executor.go:165          ] [main                ] - Cluster join: Retry 50: Service registry ping failed, will retry. Error: could not parse error from service registry, status code: 404, raw body: <!doctype html><html lang="en"><head><title>HTTP Status 404 – Not Found</title><style type="text/css">body {font-family:Tahoma,Arial,sans-serif;} h1, h2, h3, b {color:white;background-color:#525D76;} h1 {font-size:22px;} h2 {font-size:16px;} h3 {font-size:14px;} p {font-size:12px;} a {color:black;} .line {height:1px;background-color:#525D76;border:none;}</style></head><body><h1>HTTP Status 404 – Not Found</h1></body></html>
2021-05-25T19:36:10.717Z [jfrou] [INFO ] [411b7d6ecba3ab56] [join_executor.go:165          ] [main                ] - Cluster join: Retry 55: Service registry ping failed, will retry. Error: could not parse error from service registry, status code: 404, raw body: <!doctype html><html lang="en"><head><title>HTTP Status 404 – Not Found</title><style type="text/css">body {font-family:Tahoma,Arial,sans-serif;} h1, h2, h3, b {color:white;background-color:#525D76;} h1 {font-size:22px;} h2 {font-size:16px;} h3 {font-size:14px;} p {font-size:12px;} a {color:black;} .line {height:1px;background-color:#525D76;border:none;}</style></head><body><h1>HTTP Status 404 – Not Found</h1></body></html>
2021-05-25T19:36:15.730Z [jfrou] [INFO ] [411b7d6ecba3ab56] [join_executor.go:165          ] [main                ] - Cluster join: Retry 60: Service registry ping failed, will retry. Error: could not parse error from service registry, status code: 404, raw body: <!doctype html><html lang="en"><head><title>HTTP Status 404 – Not Found</title><style type="text/css">body {font-family:Tahoma,Arial,sans-serif;} h1, h2, h3, b {color:white;background-color:#525D76;} h1 {font-size:22px;} h2 {font-size:16px;} h3 {font-size:14px;} p {font-size:12px;} a {color:black;} .line {height:1px;background-color:#525D76;border:none;}</style></head><body><h1>HTTP Status 404 – Not Found</h1></body></html>
2021-05-25T19:36:20.742Z [jfrou] [INFO ] [411b7d6ecba3ab56] [join_executor.go:165          ] [main                ] - Cluster join: Retry 65: Service registry ping failed, will retry. Error: could not parse error from service registry, status code: 404, raw body: <!doctype html><html lang="en"><head><title>HTTP Status 404 – Not Found</title><style type="text/css">body {font-family:Tahoma,Arial,sans-serif;} h1, h2, h3, b {color:white;background-color:#525D76;} h1 {font-size:22px;} h2 {font-size:16px;} h3 {font-size:14px;} p {font-size:12px;} a {color:black;} .line {height:1px;background-color:#525D76;border:none;}</style></head><body><h1>HTTP Status 404 – Not Found</h1></body></html>
2021-05-25T19:36:25.753Z [jfrou] [INFO ] [411b7d6ecba3ab56] [join_executor.go:165          ] [main                ] - Cluster join: Retry 70: Service registry ping failed, will retry. Error: could not parse error from service registry, status code: 404, raw body: <!doctype html><html lang="en"><head><title>HTTP Status 404 – Not Found</title><style type="text/css">body {font-family:Tahoma,Arial,sans-serif;} h1, h2, h3, b {color:white;background-color:#525D76;} h1 {font-size:22px;} h2 {font-size:16px;} h3 {font-size:14px;} p {font-size:12px;} a {color:black;} .line {height:1px;background-color:#525D76;border:none;}</style></head><body><h1>HTTP Status 404 – Not Found</h1></body></html>
2021-05-25T19:36:30.768Z [jfrou] [INFO ] [411b7d6ecba3ab56] [join_executor.go:165          ] [main                ] - Cluster join: Retry 75: Service registry ping failed, will retry. Error: could not parse error from service registry, status code: 404, raw body: <!doctype html><html lang="en"><head><title>HTTP Status 404 – Not Found</title><style type="text/css">body {font-family:Tahoma,Arial,sans-serif;} h1, h2, h3, b {color:white;background-color:#525D76;} h1 {font-size:22px;} h2 {font-size:16px;} h3 {font-size:14px;} p {font-size:12px;} a {color:black;} .line {height:1px;background-color:#525D76;border:none;}</style></head><body><h1>HTTP Status 404 – Not Found</h1></body></html>
2021-05-25T19:36:35.778Z [jfrou] [INFO ] [411b7d6ecba3ab56] [join_executor.go:165          ] [main                ] - Cluster join: Retry 80: Service registry ping failed, will retry. Error: could not parse error from service registry, status code: 404, raw body: <!doctype html><html lang="en"><head><title>HTTP Status 404 – Not Found</title><style type="text/css">body {font-family:Tahoma,Arial,sans-serif;} h1, h2, h3, b {color:white;background-color:#525D76;} h1 {font-size:22px;} h2 {font-size:16px;} h3 {font-size:14px;} p {font-size:12px;} a {color:black;} .line {height:1px;background-color:#525D76;border:none;}</style></head><body><h1>HTTP Status 404 – Not Found</h1></body></html>
2021-05-25T19:36:40.790Z [jfrou] [INFO ] [411b7d6ecba3ab56] [join_executor.go:165          ] [main                ] - Cluster join: Retry 85: Service registry ping failed, will retry. Error: could not parse error from service registry, status code: 404, raw body: <!doctype html><html lang="en"><head><title>HTTP Status 404 – Not Found</title><style type="text/css">body {font-family:Tahoma,Arial,sans-serif;} h1, h2, h3, b {color:white;background-color:#525D76;} h1 {font-size:22px;} h2 {font-size:16px;} h3 {font-size:14px;} p {font-size:12px;} a {color:black;} .line {height:1px;background-color:#525D76;border:none;}</style></head><body><h1>HTTP Status 404 – Not Found</h1></body></html>
2021-05-25T19:36:45.812Z [jfrou] [INFO ] [411b7d6ecba3ab56] [join_executor.go:165          ] [main                ] - Cluster join: Retry 90: Service registry ping failed, will retry. Error: could not parse error from service registry, status code: 404, raw body: <!doctype html><html lang="en"><head><title>HTTP Status 404 – Not Found</title><style type="text/css">body {font-family:Tahoma,Arial,sans-serif;} h1, h2, h3, b {color:white;background-color:#525D76;} h1 {font-size:22px;} h2 {font-size:16px;} h3 {font-size:14px;} p {font-size:12px;} a {color:black;} .line {height:1px;background-color:#525D76;border:none;}</style></head><body><h1>HTTP Status 404 – Not Found</h1></body></html>
2021-05-25T19:36:50.825Z [jfrou] [INFO ] [411b7d6ecba3ab56] [join_executor.go:165          ] [main                ] - Cluster join: Retry 95: Service registry ping failed, will retry. Error: could not parse error from service registry, status code: 404, raw body: <!doctype html><html lang="en"><head><title>HTTP Status 404 – Not Found</title><style type="text/css">body {font-family:Tahoma,Arial,sans-serif;} h1, h2, h3, b {color:white;background-color:#525D76;} h1 {font-size:22px;} h2 {font-size:16px;} h3 {font-size:14px;} p {font-size:12px;} a {color:black;} .line {height:1px;background-color:#525D76;border:none;}</style></head><body><h1>HTTP Status 404 – Not Found</h1></body></html>
