25-May-2021 19:35:06.231 INFO [localhost-startStop-1] org.apache.catalina.core.ApplicationContext.log 1 Spring WebApplicationInitializers detected on classpath
25-May-2021 19:35:06.563 SEVERE [localhost-startStop-2] org.apache.catalina.core.StandardContext.listenerStart Exception sending context initialized event to listener instance of class [org.artifactory.lifecycle.webapp.servlet.ArtifactoryHomeConfigListener]
	java.lang.IllegalStateException: Can't resolve Artifactory var dir --> Could not initialize artifactory directory structure due to: /opt/jfrog/artifactory/var/etc/artifactory/security: Operation not permitted
		at org.artifactory.common.home.ArtifactoryHome.<init>(ArtifactoryHome.java:240)
		at org.artifactory.lifecycle.webapp.servlet.ArtifactoryHomeConfigListener.getArtifactoryHome(ArtifactoryHomeConfigListener.java:84)
		at org.artifactory.lifecycle.webapp.servlet.ArtifactoryHomeConfigListener.contextInitialized(ArtifactoryHomeConfigListener.java:50)
		at org.apache.catalina.core.StandardContext.listenerStart(StandardContext.java:4705)
		at org.apache.catalina.core.StandardContext.startInternal(StandardContext.java:5171)
		at org.apache.catalina.util.LifecycleBase.start(LifecycleBase.java:183)
		at org.apache.catalina.core.ContainerBase.addChildInternal(ContainerBase.java:743)
		at org.apache.catalina.core.ContainerBase.addChild(ContainerBase.java:719)
		at org.apache.catalina.core.StandardHost.addChild(StandardHost.java:705)
		at org.apache.catalina.startup.HostConfig.deployDescriptor(HostConfig.java:606)
		at org.apache.catalina.startup.HostConfig$DeployDescriptor.run(HostConfig.java:1766)
		at java.base/java.util.concurrent.Executors$RunnableAdapter.call(Executors.java:515)
		at java.base/java.util.concurrent.FutureTask.run(FutureTask.java:264)
		at java.base/java.util.concurrent.ThreadPoolExecutor.runWorker(ThreadPoolExecutor.java:1128)
		at java.base/java.util.concurrent.ThreadPoolExecutor$Worker.run(ThreadPoolExecutor.java:628)
		at java.base/java.lang.Thread.run(Thread.java:834)
	Caused by: java.lang.IllegalArgumentException: Could not initialize artifactory directory structure due to: /opt/jfrog/artifactory/var/etc/artifactory/security: Operation not permitted
		at org.artifactory.common.home.ArtifactoryHome.create(ArtifactoryHome.java:694)
		at org.artifactory.common.home.ArtifactoryHome.<init>(ArtifactoryHome.java:235)
		... 15 more
	Caused by: java.nio.file.FileSystemException: /opt/jfrog/artifactory/var/etc/artifactory/security: Operation not permitted
		at java.base/sun.nio.fs.UnixException.translateToIOException(UnixException.java:100)
		at java.base/sun.nio.fs.UnixException.rethrowAsIOException(UnixException.java:111)
		at java.base/sun.nio.fs.UnixException.rethrowAsIOException(UnixException.java:116)
		at java.base/sun.nio.fs.UnixFileAttributeViews$Posix.setMode(UnixFileAttributeViews.java:254)
		at java.base/sun.nio.fs.UnixFileAttributeViews$Posix.setPermissions(UnixFileAttributeViews.java:276)
		at java.base/java.nio.file.Files.setPosixFilePermissions(Files.java:2080)
		at org.jfrog.security.file.SecurityFolderHelper.setPermissionsOnSecurityFolder(SecurityFolderHelper.java:304)
		at org.jfrog.security.file.SecurityFolderHelper.setPermissionsOnSecurityFolder(SecurityFolderHelper.java:295)
		at org.artifactory.common.home.ArtifactoryHome.create(ArtifactoryHome.java:657)
		... 16 more
25-May-2021 19:35:06.573 SEVERE [localhost-startStop-2] org.apache.catalina.core.StandardContext.listenerStart Exception sending context initialized event to listener instance of class [org.artifactory.lifecycle.webapp.servlet.ArtifactoryContextConfigListener]
	java.lang.IllegalStateException: Artifactory home not initialized.
		at org.artifactory.lifecycle.webapp.servlet.ArtifactoryContextConfigListener.getArtifactoryHome(ArtifactoryContextConfigListener.java:203)
		at org.artifactory.lifecycle.webapp.servlet.ArtifactoryContextConfigListener.setSessionTrackingMode(ArtifactoryContextConfigListener.java:184)
		at org.artifactory.lifecycle.webapp.servlet.ArtifactoryContextConfigListener.init(ArtifactoryContextConfigListener.java:101)
		at org.artifactory.lifecycle.webapp.servlet.ArtifactoryContextConfigListener.contextInitialized(ArtifactoryContextConfigListener.java:89)
		at org.apache.catalina.core.StandardContext.listenerStart(StandardContext.java:4705)
		at org.apache.catalina.core.StandardContext.startInternal(StandardContext.java:5171)
		at org.apache.catalina.util.LifecycleBase.start(LifecycleBase.java:183)
		at org.apache.catalina.core.ContainerBase.addChildInternal(ContainerBase.java:743)
		at org.apache.catalina.core.ContainerBase.addChild(ContainerBase.java:719)
		at org.apache.catalina.core.StandardHost.addChild(StandardHost.java:705)
		at org.apache.catalina.startup.HostConfig.deployDescriptor(HostConfig.java:606)
		at org.apache.catalina.startup.HostConfig$DeployDescriptor.run(HostConfig.java:1766)
		at java.base/java.util.concurrent.Executors$RunnableAdapter.call(Executors.java:515)
		at java.base/java.util.concurrent.FutureTask.run(FutureTask.java:264)
		at java.base/java.util.concurrent.ThreadPoolExecutor.runWorker(ThreadPoolExecutor.java:1128)
		at java.base/java.util.concurrent.ThreadPoolExecutor$Worker.run(ThreadPoolExecutor.java:628)
		at java.base/java.lang.Thread.run(Thread.java:834)
25-May-2021 19:35:11.113 INFO [localhost-startStop-1] org.apache.catalina.core.ApplicationContext.log Initializing Spring embedded WebApplicationContext
