25-May-2021 19:35:04.234 INFO [main] org.apache.coyote.AbstractProtocol.init Initializing ProtocolHandler ["http-nio-8081"]
25-May-2021 19:35:04.292 INFO [main] org.apache.tomcat.util.net.NioSelectorPool.getSharedSelector Using a shared selector for servlet write/read
25-May-2021 19:35:04.346 INFO [main] org.apache.coyote.AbstractProtocol.init Initializing ProtocolHandler ["http-nio-127.0.0.1-8091"]
25-May-2021 19:35:04.347 INFO [main] org.apache.tomcat.util.net.NioSelectorPool.getSharedSelector Using a shared selector for servlet write/read
25-May-2021 19:35:04.349 INFO [main] org.apache.coyote.AbstractProtocol.init Initializing ProtocolHandler ["http-nio-127.0.0.1-8040"]
25-May-2021 19:35:04.352 INFO [main] org.apache.tomcat.util.net.NioSelectorPool.getSharedSelector Using a shared selector for servlet write/read
25-May-2021 19:35:04.373 INFO [main] org.apache.catalina.core.StandardService.startInternal Starting service [Catalina]
25-May-2021 19:35:04.375 INFO [main] org.apache.catalina.core.StandardEngine.startInternal Starting Servlet Engine: Apache Tomcat/8.5.63
25-May-2021 19:35:04.413 INFO [localhost-startStop-1] org.apache.catalina.startup.HostConfig.deployDescriptor Deploying deployment descriptor [/opt/jfrog/artifactory/app/artifactory/tomcat/conf/Catalina/localhost/access.xml]
25-May-2021 19:35:04.413 INFO [localhost-startStop-2] org.apache.catalina.startup.HostConfig.deployDescriptor Deploying deployment descriptor [/opt/jfrog/artifactory/app/artifactory/tomcat/conf/Catalina/localhost/artifactory.xml]
25-May-2021 19:35:04.462 WARNING [localhost-startStop-1] org.apache.catalina.startup.HostConfig.deployDescriptor A docBase [/opt/jfrog/artifactory/app/artifactory/tomcat/webapps/access.war] inside the host appBase has been specified, and will be ignored
25-May-2021 19:35:04.462 WARNING [localhost-startStop-2] org.apache.catalina.startup.HostConfig.deployDescriptor A docBase [/opt/jfrog/artifactory/app/artifactory/tomcat/webapps/artifactory.war] inside the host appBase has been specified, and will be ignored
25-May-2021 19:35:06.573 SEVERE [localhost-startStop-2] org.apache.catalina.core.StandardContext.startInternal One or more listeners failed to start. Full details will be found in the appropriate container log file
25-May-2021 19:35:06.579 SEVERE [localhost-startStop-2] org.apache.catalina.core.StandardContext.startInternal Context [/artifactory] startup failed due to previous errors
25-May-2021 19:35:06.683 INFO [localhost-startStop-2] org.apache.catalina.startup.HostConfig.deployDescriptor Deployment of deployment descriptor [/opt/jfrog/artifactory/app/artifactory/tomcat/conf/Catalina/localhost/artifactory.xml] has finished in [2,269] ms
25-May-2021 19:35:18.368 SEVERE [localhost-startStop-1] org.apache.catalina.core.ContainerBase.addChildInternal ContainerBase.addChild: start: 
	org.apache.catalina.LifecycleException: Failed to start component [StandardEngine[Catalina].StandardHost[localhost].StandardContext[/access]]
		at org.apache.catalina.util.LifecycleBase.handleSubClassException(LifecycleBase.java:440)
		at org.apache.catalina.util.LifecycleBase.start(LifecycleBase.java:198)
		at org.apache.catalina.core.ContainerBase.addChildInternal(ContainerBase.java:743)
		at org.apache.catalina.core.ContainerBase.addChild(ContainerBase.java:719)
		at org.apache.catalina.core.StandardHost.addChild(StandardHost.java:705)
		at org.apache.catalina.startup.HostConfig.deployDescriptor(HostConfig.java:606)
		at org.apache.catalina.startup.HostConfig$DeployDescriptor.run(HostConfig.java:1766)
		at java.base/java.util.concurrent.Executors$RunnableAdapter.call(Executors.java:515)
		at java.base/java.util.concurrent.FutureTask.run(FutureTask.java:264)
		at java.base/java.util.concurrent.ThreadPoolExecutor.runWorker(ThreadPoolExecutor.java:1128)
		at java.base/java.util.concurrent.ThreadPoolExecutor$Worker.run(ThreadPoolExecutor.java:628)
		at java.base/java.lang.Thread.run(Thread.java:834)
	Caused by: org.springframework.context.ApplicationContextException: Unable to start web server; nested exception is org.springframework.beans.factory.UnsatisfiedDependencyException: Error creating bean with name 'org.springframework.boot.autoconfigure.jersey.JerseyAutoConfiguration': Unsatisfied dependency expressed through constructor parameter 1; nested exception is org.springframework.beans.factory.BeanCreationException: Error creating bean with name 'jerseyConfig' defined in URL [jar:file:/opt/jfrog/artifactory/app/artifactory/tomcat/webapps/access/WEB-INF/lib/access-application-7.19.4.jar!/org/jfrog/access/rest/config/JerseyConfig.class]: Bean instantiation via constructor failed; nested exception is org.springframework.beans.BeanInstantiationException: Failed to instantiate [org.jfrog.access.rest.config.JerseyConfig]: Constructor threw exception; nested exception is org.springframework.beans.factory.UnsatisfiedDependencyException: Error creating bean with name 'systemResource' defined in URL [jar:file:/opt/jfrog/artifactory/app/artifactory/tomcat/webapps/access/WEB-INF/lib/access-server-rest-7.19.4.jar!/org/jfrog/access/server/rest/resource/system/SystemResource.class]: Unsatisfied dependency expressed through constructor parameter 4; nested exception is org.springframework.beans.factory.BeanCreationException: Error creating bean with name 'accessServerBootstrapImpl': Invocation of init method failed; nested exception is java.lang.IllegalStateException: [ACCESS BOOTSTRAP] Failed initializing certificate.
		at org.springframework.boot.web.servlet.context.ServletWebServerApplicationContext.onRefresh(ServletWebServerApplicationContext.java:156)
		at org.springframework.context.support.AbstractApplicationContext.refresh(AbstractApplicationContext.java:545)
		at org.springframework.boot.web.servlet.context.ServletWebServerApplicationContext.refresh(ServletWebServerApplicationContext.java:141)
		at org.springframework.boot.SpringApplication.refresh(SpringApplication.java:744)
		at org.springframework.boot.SpringApplication.refreshContext(SpringApplication.java:391)
		at org.springframework.boot.SpringApplication.run(SpringApplication.java:312)
		at org.springframework.boot.web.servlet.support.SpringBootServletInitializer.run(SpringBootServletInitializer.java:151)
		at org.springframework.boot.web.servlet.support.SpringBootServletInitializer.createRootApplicationContext(SpringBootServletInitializer.java:131)
		at org.springframework.boot.web.servlet.support.SpringBootServletInitializer.onStartup(SpringBootServletInitializer.java:91)
		at org.springframework.web.SpringServletContainerInitializer.onStartup(SpringServletContainerInitializer.java:172)
		at org.apache.catalina.core.StandardContext.startInternal(StandardContext.java:5160)
		at org.apache.catalina.util.LifecycleBase.start(LifecycleBase.java:183)
		... 10 more
	Caused by: org.springframework.beans.factory.UnsatisfiedDependencyException: Error creating bean with name 'org.springframework.boot.autoconfigure.jersey.JerseyAutoConfiguration': Unsatisfied dependency expressed through constructor parameter 1; nested exception is org.springframework.beans.factory.BeanCreationException: Error creating bean with name 'jerseyConfig' defined in URL [jar:file:/opt/jfrog/artifactory/app/artifactory/tomcat/webapps/access/WEB-INF/lib/access-application-7.19.4.jar!/org/jfrog/access/rest/config/JerseyConfig.class]: Bean instantiation via constructor failed; nested exception is org.springframework.beans.BeanInstantiationException: Failed to instantiate [org.jfrog.access.rest.config.JerseyConfig]: Constructor threw exception; nested exception is org.springframework.beans.factory.UnsatisfiedDependencyException: Error creating bean with name 'systemResource' defined in URL [jar:file:/opt/jfrog/artifactory/app/artifactory/tomcat/webapps/access/WEB-INF/lib/access-server-rest-7.19.4.jar!/org/jfrog/access/server/rest/resource/system/SystemResource.class]: Unsatisfied dependency expressed through constructor parameter 4; nested exception is org.springframework.beans.factory.BeanCreationException: Error creating bean with name 'accessServerBootstrapImpl': Invocation of init method failed; nested exception is java.lang.IllegalStateException: [ACCESS BOOTSTRAP] Failed initializing certificate.
		at org.springframework.beans.factory.support.ConstructorResolver.createArgumentArray(ConstructorResolver.java:797)
		at org.springframework.beans.factory.support.ConstructorResolver.autowireConstructor(ConstructorResolver.java:227)
		at org.springframework.beans.factory.support.AbstractAutowireCapableBeanFactory.autowireConstructor(AbstractAutowireCapableBeanFactory.java:1356)
		at org.springframework.beans.factory.support.AbstractAutowireCapableBeanFactory.createBeanInstance(AbstractAutowireCapableBeanFactory.java:1203)
		at org.springframework.beans.factory.support.AbstractAutowireCapableBeanFactory.doCreateBean(AbstractAutowireCapableBeanFactory.java:556)
		at org.springframework.beans.factory.support.AbstractAutowireCapableBeanFactory.createBean(AbstractAutowireCapableBeanFactory.java:516)
		at org.springframework.beans.factory.support.AbstractBeanFactory.lambda$doGetBean$0(AbstractBeanFactory.java:324)
		at org.springframework.beans.factory.support.DefaultSingletonBeanRegistry.getSingleton(DefaultSingletonBeanRegistry.java:234)
		at org.springframework.beans.factory.support.AbstractBeanFactory.doGetBean(AbstractBeanFactory.java:322)
		at org.springframework.beans.factory.support.AbstractBeanFactory.getBean(AbstractBeanFactory.java:202)
		at org.springframework.beans.factory.support.ConstructorResolver.instantiateUsingFactoryMethod(ConstructorResolver.java:408)
		at org.springframework.beans.factory.support.AbstractAutowireCapableBeanFactory.instantiateUsingFactoryMethod(AbstractAutowireCapableBeanFactory.java:1336)
		at org.springframework.beans.factory.support.AbstractAutowireCapableBeanFactory.createBeanInstance(AbstractAutowireCapableBeanFactory.java:1176)
		at org.springframework.beans.factory.support.AbstractAutowireCapableBeanFactory.doCreateBean(AbstractAutowireCapableBeanFactory.java:556)
		at org.springframework.beans.factory.support.AbstractAutowireCapableBeanFactory.createBean(AbstractAutowireCapableBeanFactory.java:516)
		at org.springframework.beans.factory.support.AbstractBeanFactory.lambda$doGetBean$0(AbstractBeanFactory.java:324)
		at org.springframework.beans.factory.support.DefaultSingletonBeanRegistry.getSingleton(DefaultSingletonBeanRegistry.java:234)
		at org.springframework.beans.factory.support.AbstractBeanFactory.doGetBean(AbstractBeanFactory.java:322)
		at org.springframework.beans.factory.support.AbstractBeanFactory.getBean(AbstractBeanFactory.java:207)
		at org.springframework.boot.web.servlet.ServletContextInitializerBeans.getOrderedBeansOfType(ServletContextInitializerBeans.java:211)
		at org.springframework.boot.web.servlet.ServletContextInitializerBeans.getOrderedBeansOfType(ServletContextInitializerBeans.java:202)
		at org.springframework.boot.web.servlet.ServletContextInitializerBeans.addServletContextInitializerBeans(ServletContextInitializerBeans.java:96)
		at org.springframework.boot.web.servlet.ServletContextInitializerBeans.<init>(ServletContextInitializerBeans.java:85)
		at org.springframework.boot.web.servlet.context.ServletWebServerApplicationContext.getServletContextInitializerBeans(ServletWebServerApplicationContext.java:253)
		at org.springframework.boot.web.servlet.context.ServletWebServerApplicationContext.selfInitialize(ServletWebServerApplicationContext.java:227)
		at org.springframework.boot.web.servlet.context.ServletWebServerApplicationContext.createWebServer(ServletWebServerApplicationContext.java:184)
		at org.springframework.boot.web.servlet.context.ServletWebServerApplicationContext.onRefresh(ServletWebServerApplicationContext.java:153)
		... 21 more
	Caused by: org.springframework.beans.factory.BeanCreationException: Error creating bean with name 'jerseyConfig' defined in URL [jar:file:/opt/jfrog/artifactory/app/artifactory/tomcat/webapps/access/WEB-INF/lib/access-application-7.19.4.jar!/org/jfrog/access/rest/config/JerseyConfig.class]: Bean instantiation via constructor failed; nested exception is org.springframework.beans.BeanInstantiationException: Failed to instantiate [org.jfrog.access.rest.config.JerseyConfig]: Constructor threw exception; nested exception is org.springframework.beans.factory.UnsatisfiedDependencyException: Error creating bean with name 'systemResource' defined in URL [jar:file:/opt/jfrog/artifactory/app/artifactory/tomcat/webapps/access/WEB-INF/lib/access-server-rest-7.19.4.jar!/org/jfrog/access/server/rest/resource/system/SystemResource.class]: Unsatisfied dependency expressed through constructor parameter 4; nested exception is org.springframework.beans.factory.BeanCreationException: Error creating bean with name 'accessServerBootstrapImpl': Invocation of init method failed; nested exception is java.lang.IllegalStateException: [ACCESS BOOTSTRAP] Failed initializing certificate.
		at org.springframework.beans.factory.support.ConstructorResolver.instantiate(ConstructorResolver.java:313)
		at org.springframework.beans.factory.support.ConstructorResolver.autowireConstructor(ConstructorResolver.java:294)
		at org.springframework.beans.factory.support.AbstractAutowireCapableBeanFactory.autowireConstructor(AbstractAutowireCapableBeanFactory.java:1356)
		at org.springframework.beans.factory.support.AbstractAutowireCapableBeanFactory.createBeanInstance(AbstractAutowireCapableBeanFactory.java:1203)
		at org.springframework.beans.factory.support.AbstractAutowireCapableBeanFactory.doCreateBean(AbstractAutowireCapableBeanFactory.java:556)
		at org.springframework.beans.factory.support.AbstractAutowireCapableBeanFactory.createBean(AbstractAutowireCapableBeanFactory.java:516)
		at org.springframework.beans.factory.support.AbstractBeanFactory.lambda$doGetBean$0(AbstractBeanFactory.java:324)
		at org.springframework.beans.factory.support.DefaultSingletonBeanRegistry.getSingleton(DefaultSingletonBeanRegistry.java:234)
		at org.springframework.beans.factory.support.AbstractBeanFactory.doGetBean(AbstractBeanFactory.java:322)
		at org.springframework.beans.factory.support.AbstractBeanFactory.getBean(AbstractBeanFactory.java:202)
		at org.springframework.beans.factory.config.DependencyDescriptor.resolveCandidate(DependencyDescriptor.java:276)
		at org.springframework.beans.factory.support.DefaultListableBeanFactory.doResolveDependency(DefaultListableBeanFactory.java:1307)
		at org.springframework.beans.factory.support.DefaultListableBeanFactory.resolveDependency(DefaultListableBeanFactory.java:1227)
		at org.springframework.beans.factory.support.ConstructorResolver.resolveAutowiredArgument(ConstructorResolver.java:884)
		at org.springframework.beans.factory.support.ConstructorResolver.createArgumentArray(ConstructorResolver.java:788)
		... 47 more
	Caused by: org.springframework.beans.BeanInstantiationException: Failed to instantiate [org.jfrog.access.rest.config.JerseyConfig]: Constructor threw exception; nested exception is org.springframework.beans.factory.UnsatisfiedDependencyException: Error creating bean with name 'systemResource' defined in URL [jar:file:/opt/jfrog/artifactory/app/artifactory/tomcat/webapps/access/WEB-INF/lib/access-server-rest-7.19.4.jar!/org/jfrog/access/server/rest/resource/system/SystemResource.class]: Unsatisfied dependency expressed through constructor parameter 4; nested exception is org.springframework.beans.factory.BeanCreationException: Error creating bean with name 'accessServerBootstrapImpl': Invocation of init method failed; nested exception is java.lang.IllegalStateException: [ACCESS BOOTSTRAP] Failed initializing certificate.
		at org.springframework.beans.BeanUtils.instantiateClass(BeanUtils.java:217)
		at org.springframework.beans.factory.support.SimpleInstantiationStrategy.instantiate(SimpleInstantiationStrategy.java:117)
		at org.springframework.beans.factory.support.ConstructorResolver.instantiate(ConstructorResolver.java:309)
		... 61 more
	Caused by: org.springframework.beans.factory.UnsatisfiedDependencyException: Error creating bean with name 'systemResource' defined in URL [jar:file:/opt/jfrog/artifactory/app/artifactory/tomcat/webapps/access/WEB-INF/lib/access-server-rest-7.19.4.jar!/org/jfrog/access/server/rest/resource/system/SystemResource.class]: Unsatisfied dependency expressed through constructor parameter 4; nested exception is org.springframework.beans.factory.BeanCreationException: Error creating bean with name 'accessServerBootstrapImpl': Invocation of init method failed; nested exception is java.lang.IllegalStateException: [ACCESS BOOTSTRAP] Failed initializing certificate.
		at org.springframework.beans.factory.support.ConstructorResolver.createArgumentArray(ConstructorResolver.java:797)
		at org.springframework.beans.factory.support.ConstructorResolver.autowireConstructor(ConstructorResolver.java:227)
		at org.springframework.beans.factory.support.AbstractAutowireCapableBeanFactory.autowireConstructor(AbstractAutowireCapableBeanFactory.java:1356)
		at org.springframework.beans.factory.support.AbstractAutowireCapableBeanFactory.createBeanInstance(AbstractAutowireCapableBeanFactory.java:1203)
		at org.springframework.beans.factory.support.AbstractAutowireCapableBeanFactory.doCreateBean(AbstractAutowireCapableBeanFactory.java:556)
		at org.springframework.beans.factory.support.AbstractAutowireCapableBeanFactory.createBean(AbstractAutowireCapableBeanFactory.java:516)
		at org.springframework.beans.factory.support.AbstractBeanFactory.lambda$doGetBean$0(AbstractBeanFactory.java:324)
		at org.springframework.beans.factory.support.DefaultSingletonBeanRegistry.getSingleton(DefaultSingletonBeanRegistry.java:234)
		at org.springframework.beans.factory.support.AbstractBeanFactory.doGetBean(AbstractBeanFactory.java:322)
		at org.springframework.beans.factory.support.AbstractBeanFactory.getBean(AbstractBeanFactory.java:202)
		at org.springframework.beans.factory.support.DefaultListableBeanFactory.getBeansWithAnnotation(DefaultListableBeanFactory.java:673)
		at org.springframework.context.support.AbstractApplicationContext.getBeansWithAnnotation(AbstractApplicationContext.java:1265)
		at org.jfrog.access.rest.config.JerseyConfig.registerAdditionalResources(JerseyConfig.java:60)
		at org.jfrog.access.rest.config.JerseyConfig.<init>(JerseyConfig.java:38)
		at java.base/jdk.internal.reflect.NativeConstructorAccessorImpl.newInstance0(Native Method)
		at java.base/jdk.internal.reflect.NativeConstructorAccessorImpl.newInstance(NativeConstructorAccessorImpl.java:62)
		at java.base/jdk.internal.reflect.DelegatingConstructorAccessorImpl.newInstance(DelegatingConstructorAccessorImpl.java:45)
		at java.base/java.lang.reflect.Constructor.newInstance(Constructor.java:490)
		at org.springframework.beans.BeanUtils.instantiateClass(BeanUtils.java:204)
		... 63 more
	Caused by: org.springframework.beans.factory.BeanCreationException: Error creating bean with name 'accessServerBootstrapImpl': Invocation of init method failed; nested exception is java.lang.IllegalStateException: [ACCESS BOOTSTRAP] Failed initializing certificate.
		at org.springframework.beans.factory.annotation.InitDestroyAnnotationBeanPostProcessor.postProcessBeforeInitialization(InitDestroyAnnotationBeanPostProcessor.java:160)
		at org.springframework.beans.factory.support.AbstractAutowireCapableBeanFactory.applyBeanPostProcessorsBeforeInitialization(AbstractAutowireCapableBeanFactory.java:415)
		at org.springframework.beans.factory.support.AbstractAutowireCapableBeanFactory.initializeBean(AbstractAutowireCapableBeanFactory.java:1786)
		at org.springframework.beans.factory.support.AbstractAutowireCapableBeanFactory.doCreateBean(AbstractAutowireCapableBeanFactory.java:594)
		at org.springframework.beans.factory.support.AbstractAutowireCapableBeanFactory.createBean(AbstractAutowireCapableBeanFactory.java:516)
		at org.springframework.beans.factory.support.AbstractBeanFactory.lambda$doGetBean$0(AbstractBeanFactory.java:324)
		at org.springframework.beans.factory.support.DefaultSingletonBeanRegistry.getSingleton(DefaultSingletonBeanRegistry.java:234)
		at org.springframework.beans.factory.support.AbstractBeanFactory.doGetBean(AbstractBeanFactory.java:322)
		at org.springframework.beans.factory.support.AbstractBeanFactory.getBean(AbstractBeanFactory.java:202)
		at org.springframework.beans.factory.config.DependencyDescriptor.resolveCandidate(DependencyDescriptor.java:276)
		at org.springframework.beans.factory.support.DefaultListableBeanFactory.doResolveDependency(DefaultListableBeanFactory.java:1307)
		at org.springframework.beans.factory.support.DefaultListableBeanFactory.resolveDependency(DefaultListableBeanFactory.java:1227)
		at org.springframework.beans.factory.support.ConstructorResolver.resolveAutowiredArgument(ConstructorResolver.java:884)
		at org.springframework.beans.factory.support.ConstructorResolver.createArgumentArray(ConstructorResolver.java:788)
		... 81 more
	Caused by: java.lang.IllegalStateException: [ACCESS BOOTSTRAP] Failed initializing certificate.
		at org.jfrog.access.server.service.certificate.handler.CertificateFileHandlerBase.initializeCertificate(CertificateFileHandlerBase.java:135)
		at org.jfrog.access.server.service.certificate.CertificateServiceImpl.initCryptoFiles(CertificateServiceImpl.java:60)
		at org.jfrog.access.server.bootstrap.AccessServerBootstrapImpl.initializeServer(AccessServerBootstrapImpl.java:44)
		at java.base/jdk.internal.reflect.NativeMethodAccessorImpl.invoke0(Native Method)
		at java.base/jdk.internal.reflect.NativeMethodAccessorImpl.invoke(NativeMethodAccessorImpl.java:62)
		at java.base/jdk.internal.reflect.DelegatingMethodAccessorImpl.invoke(DelegatingMethodAccessorImpl.java:43)
		at java.base/java.lang.reflect.Method.invoke(Method.java:566)
		at org.springframework.beans.factory.annotation.InitDestroyAnnotationBeanPostProcessor$LifecycleElement.invoke(InitDestroyAnnotationBeanPostProcessor.java:389)
		at org.springframework.beans.factory.annotation.InitDestroyAnnotationBeanPostProcessor$LifecycleMetadata.invokeInitMethods(InitDestroyAnnotationBeanPostProcessor.java:333)
		at org.springframework.beans.factory.annotation.InitDestroyAnnotationBeanPostProcessor.postProcessBeforeInitialization(InitDestroyAnnotationBeanPostProcessor.java:157)
		... 94 more
	Caused by: java.lang.IllegalStateException: Failed validating keys permissions.
		at org.jfrog.access.server.service.certificate.handler.CertificateFileHandlerBase.secureKeysPermissions(CertificateFileHandlerBase.java:409)
		at org.jfrog.access.server.service.certificate.handler.CertificateFileHandlerBase.initializeCertificate(CertificateFileHandlerBase.java:125)
		... 103 more
	Caused by: java.nio.file.FileSystemException: /opt/jfrog/artifactory/var/etc/access/keys: Operation not permitted
		at java.base/sun.nio.fs.UnixException.translateToIOException(UnixException.java:100)
		at java.base/sun.nio.fs.UnixException.rethrowAsIOException(UnixException.java:111)
		at java.base/sun.nio.fs.UnixException.rethrowAsIOException(UnixException.java:116)
		at java.base/sun.nio.fs.UnixFileAttributeViews$Posix.setMode(UnixFileAttributeViews.java:254)
		at java.base/sun.nio.fs.UnixFileAttributeViews$Posix.setPermissions(UnixFileAttributeViews.java:276)
		at java.base/java.nio.file.Files.setPosixFilePermissions(Files.java:2080)
		at org.jfrog.security.file.SecurityFolderHelper.setPermissionsOnSecurityFolder(SecurityFolderHelper.java:304)
		at org.jfrog.security.file.SecurityFolderHelper.setPermissionsOnSecurityFile(SecurityFolderHelper.java:332)
		at org.jfrog.access.server.service.certificate.handler.CertificateFileHandlerBase.secureKeysPermissions(CertificateFileHandlerBase.java:405)
		... 104 more
25-May-2021 19:35:18.371 SEVERE [localhost-startStop-1] org.apache.catalina.startup.HostConfig.deployDescriptor Error deploying deployment descriptor [/opt/jfrog/artifactory/app/artifactory/tomcat/conf/Catalina/localhost/access.xml]
	java.lang.IllegalStateException: ContainerBase.addChild: start: org.apache.catalina.LifecycleException: Failed to start component [StandardEngine[Catalina].StandardHost[localhost].StandardContext[/access]]
		at org.apache.catalina.core.ContainerBase.addChildInternal(ContainerBase.java:747)
		at org.apache.catalina.core.ContainerBase.addChild(ContainerBase.java:719)
		at org.apache.catalina.core.StandardHost.addChild(StandardHost.java:705)
		at org.apache.catalina.startup.HostConfig.deployDescriptor(HostConfig.java:606)
		at org.apache.catalina.startup.HostConfig$DeployDescriptor.run(HostConfig.java:1766)
		at java.base/java.util.concurrent.Executors$RunnableAdapter.call(Executors.java:515)
		at java.base/java.util.concurrent.FutureTask.run(FutureTask.java:264)
		at java.base/java.util.concurrent.ThreadPoolExecutor.runWorker(ThreadPoolExecutor.java:1128)
		at java.base/java.util.concurrent.ThreadPoolExecutor$Worker.run(ThreadPoolExecutor.java:628)
		at java.base/java.lang.Thread.run(Thread.java:834)
25-May-2021 19:35:18.372 INFO [localhost-startStop-1] org.apache.catalina.startup.HostConfig.deployDescriptor Deployment of deployment descriptor [/opt/jfrog/artifactory/app/artifactory/tomcat/conf/Catalina/localhost/access.xml] has finished in [13,959] ms
25-May-2021 19:35:18.373 INFO [localhost-startStop-3] org.apache.catalina.startup.HostConfig.deployDirectory Deploying web application directory [/opt/jfrog/artifactory/app/artifactory/tomcat/webapps/ROOT]
25-May-2021 19:35:18.394 INFO [localhost-startStop-3] org.apache.catalina.startup.HostConfig.deployDirectory Deployment of web application directory [/opt/jfrog/artifactory/app/artifactory/tomcat/webapps/ROOT] has finished in [21] ms
25-May-2021 19:35:18.398 INFO [main] org.apache.coyote.AbstractProtocol.start Starting ProtocolHandler ["http-nio-8081"]
25-May-2021 19:35:18.417 INFO [main] org.apache.coyote.AbstractProtocol.start Starting ProtocolHandler ["http-nio-127.0.0.1-8091"]
25-May-2021 19:35:18.422 INFO [main] org.apache.coyote.AbstractProtocol.start Starting ProtocolHandler ["http-nio-127.0.0.1-8040"]
